<?xml version="1.0" encoding="UTF-8"?>
<!-- Generated by org.testng.reporters.JUnitReportReporter -->
<testsuite hostname="10812-LAP-0334" failures="0" tests="3" name="com.selenium.automation.framework.test.DemoTest" time="28.220" errors="0" timestamp="2023-09-07T21:57:34 IST" skipped="0">
  <testcase classname="com.selenium.automation.framework.test.DemoTest" name="demotest" time="3.041"/>
  <testcase classname="com.selenium.automation.framework.test.DemoTest" name="errorValidation" time="11.826"/>
  <testcase classname="com.selenium.automation.framework.test.DemoTest" name="submitOrder" time="13.353"/>
</testsuite> <!-- com.selenium.automation.framework.test.DemoTest -->
