<?xml version="1.0" encoding="UTF-8"?>
<!-- Generated by org.testng.reporters.JUnitReportReporter -->
<testsuite hostname="10812-LAP-0334" failures="0" tests="1" name="com.selenium.automation.framework.test.ErrorValidation" time="8.421" errors="0" timestamp="2023-09-07T21:59:02 IST" skipped="0">
  <testcase classname="com.selenium.automation.framework.test.ErrorValidation" name="errorValidation" time="8.421"/>
</testsuite> <!-- com.selenium.automation.framework.test.ErrorValidation -->
