<?xml version="1.0" encoding="UTF-8"?>
<!-- Generated by org.testng.reporters.JUnitReportReporter -->
<testsuite hostname="10812-LAP-0334" failures="0" tests="2" name="com.selenium.automation.framework.test.SubmitOrderTest" time="55.353" errors="0" timestamp="2023-09-08T11:28:01 IST" skipped="0">
  <testcase classname="com.selenium.automation.framework.test.SubmitOrderTest" name="submitOrder" time="29.344"/>
  <testcase classname="com.selenium.automation.framework.test.SubmitOrderTest" name="orderHistoryTest" time="26.009"/>
</testsuite> <!-- com.selenium.automation.framework.test.SubmitOrderTest -->
